#
# A fatal error has been detected by the Java Runtime Environment:
#
#  SIGSEGV (0xb) at pc=0x0000000118e66345, pid=89577, tid=0x0000000000014853
#
# JRE version: Java(TM) SE Runtime Environment (8.0_112-b16) (build 1.8.0_112-b16)
# Java VM: Java HotSpot(TM) 64-Bit Server VM (25.112-b16 mixed mode bsd-amd64 compressed oops)
# Problematic frame:
# C  [libawt_lwawt.dylib+0x1c345]  OGLSD_SetScratchSurface+0x53
#
# Failed to write core dump. Core dumps have been disabled. To enable core dumping, try "ulimit -c unlimited" before starting Java again
#
# If you would like to submit a bug report, please visit:
#   http://bugreport.java.com/bugreport/crash.jsp
# The crash happened outside the Java Virtual Machine in native code.
# See problematic frame for where to report the bug.
#

---------------  T H R E A D  ---------------

Current thread (0x00007fb4479c3000):  JavaThread "Java2D Queue Flusher" daemon [_thread_in_native, id=84051, stack(0x0000700007cdd000,0x0000700007ddd000)]

siginfo: si_signo: 11 (SIGSEGV), si_code: 0 (unknown), si_addr: 0x0000000000000000

Registers:
RAX=0x00007fb44826a038, RBX=0x00007fff82da0002, RCX=0x00007fb44826a040, RDX=0x0000000118e874f0
RSP=0x0000700007ddc710, RBP=0x0000700007ddc730, RSI=0x00007fb44fa0e030, RDI=0x00007fb44826a038
R8 =0x000000000000153d, R9 =0xffffffff00000000, R10=0x000000011f5878f8, R11=0x00007fb44749af48
R12=0x0000000000000000, R13=0x00000001203a144c, R14=0x00007fb4479c31f8, R15=0x094800007fff2a27
RIP=0x0000000118e66345, EFLAGS=0x0000000000010202, ERR=0x0000000000000000
  TRAPNO=0x000000000000000d

Top of Stack: (sp=0x0000700007ddc710)
0x0000700007ddc710:   00007fb44fa0e030 0000000000000000
0x0000700007ddc720:   00007fb447a17010 00007fb4479c3000
0x0000700007ddc730:   0000700007ddc7b0 0000000118e86fce
0x0000700007ddc740:   0000000007ddc878 00000001647ca4f0
0x0000700007ddc750:   0000000000000000 00000001203a144c
0x0000700007ddc760:   0000700007ddc780 0000000000000064
0x0000700007ddc770:   00007fb449072808 00007fb447a17020
0x0000700007ddc780:   00007fb4009c3000 00007fb4479c31f8
0x0000700007ddc790:   00000001647ca4f0 0000000000000000
0x0000700007ddc7a0:   0000700007ddc878 00007fb4479c3000
0x0000700007ddc7b0:   0000700007ddc800 000000011f58796a
0x0000700007ddc7c0:   00000007412ae938 000000010fd4f690
0x0000700007ddc7d0:   0000000000000005 00007fb4479c3000
0x0000700007ddc7e0:   00000007412aea01 00007fb44749b610
0x0000700007ddc7f0:   0000700007ddc800 00007fb4479c3000
0x0000700007ddc800:   0000700007ddc9d0 000000011f58bfbc
0x0000700007ddc810:   0000700007ddc878 00007fb4479c3000
0x0000700007ddc820:   0000700007ddc870 000000011f33a6e8
0x0000700007ddc830:   00000007412aea20 0000700007ddc878
0x0000700007ddc840:   0000000741043210 0000000000000000
0x0000700007ddc850:   0000000165dbe280 0000000000000000
0x0000700007ddc860:   00000007412ae938 0000700007ddc9d0
0x0000700007ddc870:   0000700007ddc9d0 00000001203a1344
0x0000700007ddc880:   0000700007ddc8f0 0000000000000000
0x0000700007ddc890:   0000000000000000 0000000000000000
0x0000700007ddc8a0:   0000000000000000 0000700000000000
0x0000700007ddc8b0:   00000000000000dc 0000000000000000
0x0000700007ddc8c0:   0000700007ddc968 00007fb4479c3000
0x0000700007ddc8d0:   0000700007ddc940 000000011ee11b8c
0x0000700007ddc8e0:   0000000100000001 00000007412aea20
0x0000700007ddc8f0:   00000007412aea20 0000000700000000
0x0000700007ddc900:   0000700007ddc8f0 00000001203a05d0 

Instructions: (pc=0x0000000118e66345)
0x0000000118e66325:   48 85 db 75 0e bf 01 00 00 00 48 8d 15 14 7f 03
0x0000000118e66335:   00 eb d6 49 89 fe 4c 8b 3b 30 c0 e8 dd a9 02 00
0x0000000118e66345:   49 8b 3f 49 89 c4 48 8b 35 0e 04 06 00 30 c0 e8
0x0000000118e66355:   2b ab 02 00 48 85 c0 75 4e 30 c0 e8 5b 13 02 00 

Register to memory mapping:

RAX=0x00007fb44826a038 is an unknown value
RBX=0x00007fff82da0002: _ZTV9TBaseFont+0x2da in /System/Library/Frameworks/CoreText.framework/Versions/A/CoreText at 0x00007fff2a236000
RCX=0x00007fb44826a040 is an unknown value
RDX=0x0000000118e874f0: Java_sun_java2d_opengl_OGLRenderQueue_flushBuffer+0xb5c in /opt/pgi/osx86-64/2017/java/jre1.8.0_112.jre/Contents/Home/lib/libawt_lwawt.dylib at 0x0000000118e4a000
RSP=0x0000700007ddc710 is pointing into the stack for thread: 0x00007fb4479c3000
RBP=0x0000700007ddc730 is pointing into the stack for thread: 0x00007fb4479c3000
RSI=0x00007fb44fa0e030 is an unknown value
RDI=0x00007fb44826a038 is an unknown value
R8 =0x000000000000153d is an unknown value
R9 =0xffffffff00000000 is an unknown value
R10=0x000000011f5878f8 is at entry_point+56 in (nmethod*)0x000000011f587750
R11=0x00007fb44749af48 is an unknown value
R12=0x0000000000000000 is an unknown value
R13=0x00000001203a144c is at entry_point+2764 in (nmethod*)0x00000001203a05d0
R14=0x00007fb4479c31f8 is an unknown value
R15=0x094800007fff2a27 is an unknown value


Stack: [0x0000700007cdd000,0x0000700007ddd000],  sp=0x0000700007ddc710,  free space=1021k
Native frames: (J=compiled Java code, j=interpreted, Vv=VM code, C=native code)
C  [libawt_lwawt.dylib+0x1c345]  OGLSD_SetScratchSurface+0x53
C  [libawt_lwawt.dylib+0x3cfce]  Java_sun_java2d_opengl_OGLRenderQueue_flushBuffer+0x63a
J 2430  sun.java2d.opengl.OGLRenderQueue.flushBuffer(JI)V (0 bytes) @ 0x000000011f58796a [0x000000011f5878c0+0xaa]
J 2417 C1 sun.java2d.opengl.OGLRenderQueue.flushBuffer()V (41 bytes) @ 0x000000011f58bfbc [0x000000011f58bd60+0x25c]
J 7331% C1 sun.java2d.opengl.OGLRenderQueue$QueueFlusher.run()V (234 bytes) @ 0x00000001203a1344 [0x00000001203a0980+0x9c4]
v  ~StubRoutines::call_stub
V  [libjvm.dylib+0x2edbd2]
V  [libjvm.dylib+0x2ee360]
V  [libjvm.dylib+0x2ee50c]
V  [libjvm.dylib+0x348c59]
V  [libjvm.dylib+0x56b033]
V  [libjvm.dylib+0x56c720]
V  [libjvm.dylib+0x48a7ae]
C  [libsystem_pthread.dylib+0x36c1]  _pthread_body+0x154
C  [libsystem_pthread.dylib+0x356d]  _pthread_body+0x0
C  [libsystem_pthread.dylib+0x2c5d]  thread_start+0xd
C  0x0000000000000000

Java frames: (J=compiled Java code, j=interpreted, Vv=VM code)
J 2430  sun.java2d.opengl.OGLRenderQueue.flushBuffer(JI)V (0 bytes) @ 0x000000011f5878f8 [0x000000011f5878c0+0x38]
J 2417 C1 sun.java2d.opengl.OGLRenderQueue.flushBuffer()V (41 bytes) @ 0x000000011f58bfbc [0x000000011f58bd60+0x25c]
J 7331% C1 sun.java2d.opengl.OGLRenderQueue$QueueFlusher.run()V (234 bytes) @ 0x00000001203a1344 [0x00000001203a0980+0x9c4]
v  ~StubRoutines::call_stub

---------------  P R O C E S S  ---------------

Java Threads: ( => current thread )
  0x00007fb448743800 JavaThread "SwingWorker-pool-1-thread-4" daemon [_thread_blocked, id=74651, stack(0x0000700008e93000,0x0000700008f93000)]
  0x00007fb44840a000 JavaThread "Program I/O Input Thread" [_thread_blocked, id=68639, stack(0x0000700008d90000,0x0000700008e90000)]
  0x00007fb450622000 JavaThread "ProcessStdoutReader7" [_thread_in_native, id=68927, stack(0x0000700008c8d000,0x0000700008d8d000)]
  0x00007fb450623000 JavaThread "ProcessStderrReader6" [_thread_in_native, id=38339, stack(0x000070000877e000,0x000070000887e000)]
  0x00007fb44806f000 JavaThread "Local ProcessWaiter: /opt/pgi/osx86-64/17.10/bin/pgdebug" [_thread_blocked, id=75303, stack(0x000070000867b000,0x000070000877b000)]
  0x00007fb44838b000 JavaThread "SwingWorker-pool-1-thread-3" daemon [_thread_blocked, id=75079, stack(0x0000700008b8a000,0x0000700008c8a000)]
  0x00007fb450624000 JavaThread "SwingWorker-pool-1-thread-2" daemon [_thread_blocked, id=44039, stack(0x0000700008a87000,0x0000700008b87000)]
  0x00007fb4486b4800 JavaThread "process reaper" daemon [_thread_in_native, id=19991, stack(0x0000700006b21000,0x0000700006b49000)]
  0x00007fb44e818800 JavaThread "SwingWorker-pool-1-thread-1" daemon [_thread_blocked, id=31239, stack(0x0000700008984000,0x0000700008a84000)]
  0x00007fb447e1c800 JavaThread "Timer-0" daemon [_thread_blocked, id=72963, stack(0x0000700008475000,0x0000700008575000)]
  0x00007fb447912800 JavaThread "LaunchServer" [_thread_blocked, id=50699, stack(0x0000700008372000,0x0000700008472000)]
  0x00007fb4482fd000 JavaThread "TimerQueue" daemon [_thread_blocked, id=76723, stack(0x000070000826f000,0x000070000836f000)]
  0x00007fb448901000 JavaThread "DestroyJavaVM" [_thread_blocked, id=8963, stack(0x0000700006c27000,0x0000700006d27000)]
  0x00007fb4479bb800 JavaThread "Thread-0" [_thread_blocked, id=53507, stack(0x000070000816c000,0x000070000826c000)]
  0x00007fb4482bb000 JavaThread "AWT-EventQueue-0" [_thread_in_native, id=77867, stack(0x0000700008069000,0x0000700008169000)]
  0x00007fb44826b000 JavaThread "Java2D Disposer" daemon [_thread_blocked, id=79631, stack(0x0000700007de0000,0x0000700007ee0000)]
=>0x00007fb4479c3000 JavaThread "Java2D Queue Flusher" daemon [_thread_in_native, id=84051, stack(0x0000700007cdd000,0x0000700007ddd000)]
  0x00007fb4481cb800 JavaThread "AWT-Shutdown" [_thread_blocked, id=26923, stack(0x0000700007ad4000,0x0000700007bd4000)]
  0x00007fb44796a000 JavaThread "AppKit Thread" daemon [_thread_in_native, id=775, stack(0x00007ffee0295000,0x00007ffee0a95000)]
  0x00007fb447899800 JavaThread "Service Thread" daemon [_thread_blocked, id=18947, stack(0x000070000784b000,0x000070000794b000)]
  0x00007fb44788e800 JavaThread "C1 CompilerThread2" daemon [_thread_blocked, id=15363, stack(0x0000700007748000,0x0000700007848000)]
  0x00007fb44788e000 JavaThread "C2 CompilerThread1" daemon [_thread_blocked, id=19459, stack(0x0000700007645000,0x0000700007745000)]
  0x00007fb44801b000 JavaThread "C2 CompilerThread0" daemon [_thread_blocked, id=14595, stack(0x0000700007542000,0x0000700007642000)]
  0x00007fb448016000 JavaThread "Signal Dispatcher" daemon [_thread_blocked, id=13835, stack(0x000070000743f000,0x000070000753f000)]
  0x00007fb44800e000 JavaThread "Finalizer" daemon [_thread_blocked, id=20739, stack(0x000070000733c000,0x000070000743c000)]
  0x00007fb44800b800 JavaThread "Reference Handler" daemon [_thread_blocked, id=21251, stack(0x0000700007239000,0x0000700007339000)]

Other Threads:
  0x00007fb447862800 VMThread [stack: 0x0000700007136000,0x0000700007236000] [id=21507]
  0x00007fb44801c000 WatcherThread [stack: 0x000070000794e000,0x0000700007a4e000] [id=15619]

VM state:not at safepoint (normal execution)

VM Mutex/Monitor currently owned by a thread: None

Heap:
 PSYoungGen      total 667136K, used 17883K [0x0000000795580000, 0x00000007c0000000, 0x00000007c0000000)
  eden space 651776K, 0% used [0x0000000795580000,0x00000007957f7698,0x00000007bd200000)
  from space 15360K, 99% used [0x00000007bf100000,0x00000007bffff950,0x00000007c0000000)
  to   space 23552K, 0% used [0x00000007bd200000,0x00000007bd200000,0x00000007be900000)
 ParOldGen       total 81920K, used 52235K [0x0000000740000000, 0x0000000745000000, 0x0000000795580000)
  object space 81920K, 63% used [0x0000000740000000,0x0000000743302c00,0x0000000745000000)
 Metaspace       used 26699K, capacity 27066K, committed 27392K, reserved 1073152K
  class space    used 3338K, capacity 3461K, committed 3584K, reserved 1048576K

Card table byte_map: [0x0000000110da0000,0x00000001111a1000] byte_map_base: 0x000000010d3a0000

Marking Bits: (ParMarkBitMap*) 0x00000001102f0d30
 Begin Bits: [0x000000011144c000, 0x000000011344c000)
 End Bits:   [0x000000011344c000, 0x000000011544c000)

Polling page: 0x000000010f1f3000

CodeCache: size=245760Kb used=22315Kb max_used=22323Kb free=223444Kb
 bounds [0x000000011edf1000, 0x00000001203f1000, 0x000000012ddf1000]
 total_blobs=6562 nmethods=5913 adapters=559
 compilation: enabled

Compilation events (10 events):
Event: 4536.263 Thread 0x00007fb44801b000 nmethod 7394 0x000000012011bc90 code [0x000000012011be60, 0x000000012011ce60]
Event: 4536.836 Thread 0x00007fb44788e000 7395 %s    4       sun.font.CCharToGlyphMapper::charsToGlyphsNS @ 10 (244 bytes)
Event: 4536.843 Thread 0x00007fb44788e000 nmethod 7395% 0x00000001203e7590 code [0x00000001203e7720, 0x00000001203e7f18]
Event: 4537.710 Thread 0x00007fb44801b000 7396  s    4       sun.font.CCharToGlyphMapper::charsToGlyphsNS (244 bytes)
Event: 4537.717 Thread 0x00007fb44801b000 nmethod 7396 0x00000001203e8310 code [0x00000001203e84a0, 0x00000001203e8aa8]
Event: 4540.051 Thread 0x00007fb44788e800 7397       3       net.java.balloontip.BalloonTip::refreshLocation (19 bytes)
Event: 4540.052 Thread 0x00007fb44788e800 nmethod 7397 0x000000011f198210 code [0x000000011f1983a0, 0x000000011f1986d8]
Event: 4540.055 Thread 0x00007fb44788e800 7398       3       java.beans.PropertyChangeSupport$PropertyChangeListenerMap::extract (23 bytes)
Event: 4540.055 Thread 0x00007fb44788e800 nmethod 7398 0x000000011f42d290 code [0x000000011f42d420, 0x000000011f42d9c8]
Event: 4540.059 Thread 0x00007fb44788e800 7399       1       net.java.balloontip.BalloonTip$VisibilityControl::access$300 (5 bytes)

GC Heap History (10 events):
Event: 788.795 GC heap before
{Heap before GC invocations=15 (full 1):
 PSYoungGen      total 316416K, used 299720K [0x0000000795580000, 0x00000007b2c80000, 0x00000007c0000000)
  eden space 299520K, 100% used [0x0000000795580000,0x00000007a7a00000,0x00000007a7a00000)
  from space 16896K, 1% used [0x00000007a7a00000,0x00000007a7a32010,0x00000007a8a80000)
  to   space 16384K, 0% used [0x00000007b1c80000,0x00000007b1c80000,0x00000007b2c80000)
 ParOldGen       total 81920K, used 38004K [0x0000000740000000, 0x0000000745000000, 0x0000000795580000)
  object space 81920K, 46% used [0x0000000740000000,0x000000074251d1d0,0x0000000745000000)
 Metaspace       used 25987K, capacity 26284K, committed 26752K, reserved 1073152K
  class space    used 3305K, capacity 3394K, committed 3456K, reserved 1048576K
Event: 788.797 GC heap after
Heap after GC invocations=15 (full 1):
 PSYoungGen      total 455680K, used 200K [0x0000000795580000, 0x00000007b2700000, 0x00000007c0000000)
  eden space 444928K, 0% used [0x0000000795580000,0x0000000795580000,0x00000007b0800000)
  from space 10752K, 1% used [0x00000007b1c80000,0x00000007b1cb2010,0x00000007b2700000)
  to   space 15872K, 0% used [0x00000007b0800000,0x00000007b0800000,0x00000007b1780000)
 ParOldGen       total 81920K, used 38068K [0x0000000740000000, 0x0000000745000000, 0x0000000795580000)
  object space 81920K, 46% used [0x0000000740000000,0x000000074252d2c0,0x0000000745000000)
 Metaspace       used 25987K, capacity 26284K, committed 26752K, reserved 1073152K
  class space    used 3305K, capacity 3394K, committed 3456K, reserved 1048576K
}
Event: 789.001 GC heap before
{Heap before GC invocations=16 (full 1):
 PSYoungGen      total 455680K, used 445128K [0x0000000795580000, 0x00000007b2700000, 0x00000007c0000000)
  eden space 444928K, 100% used [0x0000000795580000,0x00000007b0800000,0x00000007b0800000)
  from space 10752K, 1% used [0x00000007b1c80000,0x00000007b1cb2010,0x00000007b2700000)
  to   space 15872K, 0% used [0x00000007b0800000,0x00000007b0800000,0x00000007b1780000)
 ParOldGen       total 81920K, used 38068K [0x0000000740000000, 0x0000000745000000, 0x0000000795580000)
  object space 81920K, 46% used [0x0000000740000000,0x000000074252d2c0,0x0000000745000000)
 Metaspace       used 25987K, capacity 26284K, committed 26752K, reserved 1073152K
  class space    used 3305K, capacity 3394K, committed 3456K, reserved 1048576K
Event: 789.004 GC heap after
Heap after GC invocations=16 (full 1):
 PSYoungGen      total 460800K, used 320K [0x0000000795580000, 0x00000007bf180000, 0x00000007c0000000)
  eden space 444928K, 0% used [0x0000000795580000,0x0000000795580000,0x00000007b0800000)
  from space 15872K, 2% used [0x00000007b0800000,0x00000007b0850010,0x00000007b1780000)
  to   space 15360K, 0% used [0x00000007be280000,0x00000007be280000,0x00000007bf180000)
 ParOldGen       total 81920K, used 38124K [0x0000000740000000, 0x0000000745000000, 0x0000000795580000)
  object space 81920K, 46% used [0x0000000740000000,0x000000074253b380,0x0000000745000000)
 Metaspace       used 25987K, capacity 26284K, committed 26752K, reserved 1073152K
  class space    used 3305K, capacity 3394K, committed 3456K, reserved 1048576K
}
Event: 789.091 GC heap before
{Heap before GC invocations=17 (full 1):
 PSYoungGen      total 460800K, used 444887K [0x0000000795580000, 0x00000007bf180000, 0x00000007c0000000)
  eden space 444928K, 99% used [0x0000000795580000,0x00000007b07a5ca0,0x00000007b0800000)
  from space 15872K, 2% used [0x00000007b0800000,0x00000007b0850010,0x00000007b1780000)
  to   space 15360K, 0% used [0x00000007be280000,0x00000007be280000,0x00000007bf180000)
 ParOldGen       total 81920K, used 38124K [0x0000000740000000, 0x0000000745000000, 0x0000000795580000)
  object space 81920K, 46% used [0x0000000740000000,0x000000074253b380,0x0000000745000000)
 Metaspace       used 25987K, capacity 26284K, committed 26752K, reserved 1073152K
  class space    used 3305K, capacity 3394K, committed 3456K, reserved 1048576K
Event: 789.092 GC heap after
Heap after GC invocations=17 (full 1):
 PSYoungGen      total 652288K, used 544K [0x0000000795580000, 0x00000007be900000, 0x00000007c0000000)
  eden space 645632K, 0% used [0x0000000795580000,0x0000000795580000,0x00000007bcc00000)
  from space 6656K, 8% used [0x00000007be280000,0x00000007be308020,0x00000007be900000)
  to   space 14848K, 0% used [0x00000007bcc00000,0x00000007bcc00000,0x00000007bda80000)
 ParOldGen       total 81920K, used 38197K [0x0000000740000000, 0x0000000745000000, 0x0000000795580000)
  object space 81920K, 46% used [0x0000000740000000,0x000000074254d4d0,0x0000000745000000)
 Metaspace       used 25987K, capacity 26284K, committed 26752K, reserved 1073152K
  class space    used 3305K, capacity 3394K, committed 3456K, reserved 1048576K
}
Event: 1724.070 GC heap before
{Heap before GC invocations=18 (full 1):
 PSYoungGen      total 652288K, used 646176K [0x0000000795580000, 0x00000007be900000, 0x00000007c0000000)
  eden space 645632K, 100% used [0x0000000795580000,0x00000007bcc00000,0x00000007bcc00000)
  from space 6656K, 8% used [0x00000007be280000,0x00000007be308020,0x00000007be900000)
  to   space 14848K, 0% used [0x00000007bcc00000,0x00000007bcc00000,0x00000007bda80000)
 ParOldGen       total 81920K, used 38197K [0x0000000740000000, 0x0000000745000000, 0x0000000795580000)
  object space 81920K, 46% used [0x0000000740000000,0x000000074254d4d0,0x0000000745000000)
 Metaspace       used 26459K, capacity 26810K, committed 27264K, reserved 1073152K
  class space    used 3317K, capacity 3397K, committed 3456K, reserved 1048576K
Event: 1724.085 GC heap after
Heap after GC invocations=18 (full 1):
 PSYoungGen      total 660480K, used 8261K [0x0000000795580000, 0x00000007c0000000, 0x00000007c0000000)
  eden space 645632K, 0% used [0x0000000795580000,0x0000000795580000,0x00000007bcc00000)
  from space 14848K, 55% used [0x00000007bcc00000,0x00000007bd4116f0,0x00000007bda80000)
  to   space 15360K, 0% used [0x00000007bf100000,0x00000007bf100000,0x00000007c0000000)
 ParOldGen       total 81920K, used 38205K [0x0000000740000000, 0x0000000745000000, 0x0000000795580000)
  object space 81920K, 46% used [0x0000000740000000,0x000000074254f4d0,0x0000000745000000)
 Metaspace       used 26459K, capacity 26810K, committed 27264K, reserved 1073152K
  class space    used 3317K, capacity 3397K, committed 3456K, reserved 1048576K
}
Event: 4539.963 GC heap before
{Heap before GC invocations=19 (full 1):
 PSYoungGen      total 660480K, used 653893K [0x0000000795580000, 0x00000007c0000000, 0x00000007c0000000)
  eden space 645632K, 100% used [0x0000000795580000,0x00000007bcc00000,0x00000007bcc00000)
  from space 14848K, 55% used [0x00000007bcc00000,0x00000007bd4116f0,0x00000007bda80000)
  to   space 15360K, 0% used [0x00000007bf100000,0x00000007bf100000,0x00000007c0000000)
 ParOldGen       total 81920K, used 38205K [0x0000000740000000, 0x0000000745000000, 0x0000000795580000)
  object space 81920K, 46% used [0x0000000740000000,0x000000074254f4d0,0x0000000745000000)
 Metaspace       used 26698K, capacity 27066K, committed 27392K, reserved 1073152K
  class space    used 3338K, capacity 3461K, committed 3584K, reserved 1048576K
Event: 4540.047 GC heap after
Heap after GC invocations=19 (full 1):
 PSYoungGen      total 667136K, used 15358K [0x0000000795580000, 0x00000007c0000000, 0x00000007c0000000)
  eden space 651776K, 0% used [0x0000000795580000,0x0000000795580000,0x00000007bd200000)
  from space 15360K, 99% used [0x00000007bf100000,0x00000007bffff950,0x00000007c0000000)
  to   space 23552K, 0% used [0x00000007bd200000,0x00000007bd200000,0x00000007be900000)
 ParOldGen       total 81920K, used 52235K [0x0000000740000000, 0x0000000745000000, 0x0000000795580000)
  object space 81920K, 63% used [0x0000000740000000,0x0000000743302c00,0x0000000745000000)
 Metaspace       used 26698K, capacity 27066K, committed 27392K, reserved 1073152K
  class space    used 3338K, capacity 3461K, committed 3584K, reserved 1048576K
}

Deoptimization events (10 events):
Event: 2475.235 Thread 0x00007fb4482bb000 Uncommon trap: reason=unstable_if action=reinterpret pc=0x000000011fff3168 method=sun.awt.image.VolatileSurfaceManager.validate(Ljava/awt/GraphicsConfiguration;)I @ 36
Event: 2475.237 Thread 0x00007fb4482bb000 Uncommon trap: reason=unstable_if action=reinterpret pc=0x000000011fff2c04 method=sun.awt.image.VolatileSurfaceManager.validate(Ljava/awt/GraphicsConfiguration;)I @ 36
Event: 4158.892 Thread 0x00007fb4482bb000 Uncommon trap: reason=unstable_if action=reinterpret pc=0x000000011f90c32c method=sun.java2d.SunGraphics2D.getCompClip()Lsun/java2d/pipe/Region; @ 7
Event: 4532.649 Thread 0x00007fb4479bb800 Uncommon trap: reason=unstable_if action=reinterpret pc=0x000000011fe2a2fc method=java.net.SocketInputStream.read([BIII)I @ 86
Event: 4532.650 Thread 0x00007fb4479bb800 Uncommon trap: reason=unstable_if action=reinterpret pc=0x000000011ff33010 method=java.io.BufferedInputStream.read()I @ 23
Event: 4532.650 Thread 0x00007fb4479bb800 Uncommon trap: reason=unstable_if action=reinterpret pc=0x000000011f5e6d48 method=java.io.BufferedInputStream.read()I @ 23
Event: 4532.666 Thread 0x00007fb4479bb800 Uncommon trap: reason=unstable_if action=reinterpret pc=0x000000011fee9450 method=java.io.BufferedInputStream.read()I @ 23
Event: 4533.709 Thread 0x00007fb4482bb000 Uncommon trap: reason=unstable_if action=reinterpret pc=0x000000011fa29584 method=sun.font.CCharToGlyphMapper$Cache.get(I[C[I)V @ 28
Event: 4533.777 Thread 0x00007fb4482bb000 Uncommon trap: reason=unstable_if action=reinterpret pc=0x000000011fc64528 method=sun.font.CCharToGlyphMapper.charsToGlyphsNS(I[C[I)Z @ 26
Event: 4533.778 Thread 0x00007fb4482bb000 Uncommon trap: reason=unstable_if action=reinterpret pc=0x000000011fafeee0 method=sun.java2d.pipe.BufferedTextPipe.enqueueGlyphList(Lsun/java2d/SunGraphics2D;Lsun/font/GlyphList;)V @ 90

Internal exceptions (10 events):
Event: 762.546 Thread 0x00007fb4482bb000 Implicit null exception at 0x0000000120007704 to 0x0000000120007945
Event: 1721.287 Thread 0x00007fb4482bb000 Implicit null exception at 0x000000011fc55f47 to 0x000000011fc56765
Event: 1721.289 Thread 0x00007fb4482bb000 Implicit null exception at 0x000000011f6797b9 to 0x000000011f67ac79
Event: 1721.291 Thread 0x00007fb4482bb000 Implicit null exception at 0x000000011fcebe70 to 0x000000011fced395
Event: 1729.454 Thread 0x00007fb4482bb000 Implicit null exception at 0x00000001202bde88 to 0x00000001202c1035
Event: 1976.391 Thread 0x00007fb4482bb000 Implicit null exception at 0x000000011f8fbf3f to 0x000000011f8fc629
Event: 2474.582 Thread 0x00007fb4482bb000 Implicit null exception at 0x00000001201ccc52 to 0x00000001201cead1
Event: 2475.235 Thread 0x00007fb4482bb000 Implicit null exception at 0x000000011fff302e to 0x000000011fff3151
Event: 2475.237 Thread 0x00007fb4482bb000 Implicit null exception at 0x000000011fff2ae5 to 0x000000011fff2bed
Event: 4532.645 Thread 0x00007fb4479bb800 Exception <a 'java/net/SocketException'> (0x00000007a645d6f0) thrown at [/Users/java_re/workspace/8-2-build-macosx-x86_64/jdk8u112/7935/hotspot/src/share/vm/prims/jni.cpp, line 709]

Events (10 events):
Event: 4540.058 Executing VM operation: RevokeBias
Event: 4540.058 Executing VM operation: RevokeBias done
Event: 4540.058 Executing VM operation: RevokeBias
Event: 4540.058 Executing VM operation: RevokeBias done
Event: 4540.058 Executing VM operation: BulkRevokeBias
Event: 4540.058 Executing VM operation: BulkRevokeBias done
Event: 4540.058 Executing VM operation: BulkRevokeBias
Event: 4540.058 Executing VM operation: BulkRevokeBias done
Event: 4540.058 Executing VM operation: BulkRevokeBias
Event: 4540.059 Executing VM operation: BulkRevokeBias done


Dynamic libraries:
0x0000000000dad000     /System/Library/Frameworks/Cocoa.framework/Versions/A/Cocoa
0x0000000000dad000     /System/Library/Frameworks/Security.framework/Versions/A/Security
0x0000000000dad000     /System/Library/Frameworks/ApplicationServices.framework/Versions/A/ApplicationServices
0x0000000000dad000     /usr/lib/libz.1.dylib
0x0000000000dad000     /usr/lib/libSystem.B.dylib
0x0000000000dad000     /usr/lib/libobjc.A.dylib
0x0000000000dad000     /System/Library/Frameworks/CoreFoundation.framework/Versions/A/CoreFoundation
0x0000000000dad000     /System/Library/Frameworks/Foundation.framework/Versions/C/Foundation
0x0000000000dad000     /System/Library/Frameworks/AppKit.framework/Versions/C/AppKit
0x0000000000dad000     /System/Library/Frameworks/CoreData.framework/Versions/A/CoreData
0x0000000000dad000     /System/Library/PrivateFrameworks/RemoteViewServices.framework/Versions/A/RemoteViewServices
0x0000000000dad000     /System/Library/PrivateFrameworks/UIFoundation.framework/Versions/A/UIFoundation
0x0000000000dad000     /System/Library/PrivateFrameworks/DFRFoundation.framework/Versions/A/DFRFoundation
0x0000000000dad000     /System/Library/Frameworks/Metal.framework/Versions/A/Metal
0x0000000000dad000     /System/Library/PrivateFrameworks/DesktopServicesPriv.framework/Versions/A/DesktopServicesPriv
0x0000000000dad000     /usr/lib/libenergytrace.dylib
0x0000000000dad000     /System/Library/PrivateFrameworks/SkyLight.framework/Versions/A/SkyLight
0x0000000000dad000     /System/Library/Frameworks/CoreGraphics.framework/Versions/A/CoreGraphics
0x0000000000dad000     /usr/lib/libScreenReader.dylib
0x0000000000dad000     /System/Library/Frameworks/Accelerate.framework/Versions/A/Accelerate
0x0000000000dad000     /System/Library/Frameworks/IOSurface.framework/Versions/A/IOSurface
0x0000000000dad000     /System/Library/Frameworks/AudioToolbox.framework/Versions/A/AudioToolbox
0x0000000000dad000     /System/Library/Frameworks/AudioUnit.framework/Versions/A/AudioUnit
0x0000000000dad000     /System/Library/PrivateFrameworks/DataDetectorsCore.framework/Versions/A/DataDetectorsCore
0x0000000000dad000     /System/Library/Frameworks/Carbon.framework/Versions/A/Frameworks/HIToolbox.framework/Versions/A/HIToolbox
0x0000000000dad000     /usr/lib/libicucore.A.dylib
0x0000000000dad000     /System/Library/Frameworks/QuartzCore.framework/Versions/A/QuartzCore
0x0000000000dad000     /System/Library/Frameworks/Carbon.framework/Versions/A/Frameworks/SpeechRecognition.framework/Versions/A/SpeechRecognition
0x0000000000dad000     /usr/lib/libauto.dylib
0x0000000000dad000     /usr/lib/libxml2.2.dylib
0x0000000000dad000     /System/Library/PrivateFrameworks/CoreUI.framework/Versions/A/CoreUI
0x0000000000dad000     /System/Library/Frameworks/CoreAudio.framework/Versions/A/CoreAudio
0x0000000000dad000     /System/Library/Frameworks/DiskArbitration.framework/Versions/A/DiskArbitration
0x0000000000dad000     /usr/lib/liblangid.dylib
0x0000000000dad000     /System/Library/PrivateFrameworks/MultitouchSupport.framework/Versions/A/MultitouchSupport
0x0000000000dad000     /System/Library/Frameworks/IOKit.framework/Versions/A/IOKit
0x0000000000dad000     /usr/lib/libDiagnosticMessagesClient.dylib
0x0000000000dad000     /System/Library/Frameworks/CoreServices.framework/Versions/A/CoreServices
0x0000000000dad000     /System/Library/PrivateFrameworks/PerformanceAnalysis.framework/Versions/A/PerformanceAnalysis
0x0000000000dad000     /System/Library/Frameworks/OpenGL.framework/Versions/A/OpenGL
0x0000000000dad000     /System/Library/Frameworks/ColorSync.framework/Versions/A/ColorSync
0x0000000000dad000     /System/Library/Frameworks/CoreImage.framework/Versions/A/CoreImage
0x0000000000dad000     /System/Library/Frameworks/CoreText.framework/Versions/A/CoreText
0x0000000000dad000     /System/Library/Frameworks/ImageIO.framework/Versions/A/ImageIO
0x0000000000dad000     /System/Library/PrivateFrameworks/Backup.framework/Versions/A/Backup
0x0000000000dad000     /usr/lib/libarchive.2.dylib
0x0000000000dad000     /System/Library/Frameworks/CFNetwork.framework/Versions/A/CFNetwork
0x0000000000dad000     /System/Library/Frameworks/SystemConfiguration.framework/Versions/A/SystemConfiguration
0x0000000000dad000     /usr/lib/libCRFSuite.dylib
0x0000000000dad000     /usr/lib/libc++.1.dylib
0x0000000000dad000     /usr/lib/libc++abi.dylib
0x0000000000dad000     /usr/lib/system/libcache.dylib
0x0000000000dad000     /usr/lib/system/libcommonCrypto.dylib
0x0000000000dad000     /usr/lib/system/libcompiler_rt.dylib
0x0000000000dad000     /usr/lib/system/libcopyfile.dylib
0x0000000000dad000     /usr/lib/system/libcorecrypto.dylib
0x0000000000dad000     /usr/lib/system/libdispatch.dylib
0x0000000000dad000     /usr/lib/system/libdyld.dylib
0x0000000000dad000     /usr/lib/system/libkeymgr.dylib
0x0000000000dad000     /usr/lib/system/liblaunch.dylib
0x0000000000dad000     /usr/lib/system/libmacho.dylib
0x0000000000dad000     /usr/lib/system/libquarantine.dylib
0x0000000000dad000     /usr/lib/system/libremovefile.dylib
0x0000000000dad000     /usr/lib/system/libsystem_asl.dylib
0x0000000000dad000     /usr/lib/system/libsystem_blocks.dylib
0x0000000000dad000     /usr/lib/system/libsystem_c.dylib
0x0000000000dad000     /usr/lib/system/libsystem_configuration.dylib
0x0000000000dad000     /usr/lib/system/libsystem_coreservices.dylib
0x0000000000dad000     /usr/lib/system/libsystem_darwin.dylib
0x0000000000dad000     /usr/lib/system/libsystem_dnssd.dylib
0x0000000000dad000     /usr/lib/system/libsystem_info.dylib
0x0000000000dad000     /usr/lib/system/libsystem_m.dylib
0x0000000000dad000     /usr/lib/system/libsystem_malloc.dylib
0x0000000000dad000     /usr/lib/system/libsystem_network.dylib
0x0000000000dad000     /usr/lib/system/libsystem_networkextension.dylib
0x0000000000dad000     /usr/lib/system/libsystem_notify.dylib
0x0000000000dad000     /usr/lib/system/libsystem_sandbox.dylib
0x0000000000dad000     /usr/lib/system/libsystem_secinit.dylib
0x0000000000dad000     /usr/lib/system/libsystem_kernel.dylib
0x0000000000dad000     /usr/lib/system/libsystem_platform.dylib
0x0000000000dad000     /usr/lib/system/libsystem_pthread.dylib
0x0000000000dad000     /usr/lib/system/libsystem_symptoms.dylib
0x0000000000dad000     /usr/lib/system/libsystem_trace.dylib
0x0000000000dad000     /usr/lib/system/libunwind.dylib
0x0000000000dad000     /usr/lib/system/libxpc.dylib
0x0000000000dad000     /usr/lib/closure/libclosured.dylib
0x0000000000dad000     /usr/lib/libbsm.0.dylib
0x0000000000dad000     /usr/lib/system/libkxld.dylib
0x0000000000dad000     /usr/lib/libOpenScriptingUtil.dylib
0x0000000000dad000     /usr/lib/libcoretls.dylib
0x0000000000dad000     /usr/lib/libcoretls_cfhelpers.dylib
0x0000000000dad000     /usr/lib/libpam.2.dylib
0x0000000000dad000     /usr/lib/libsqlite3.dylib
0x0000000000dad000     /usr/lib/libxar.1.dylib
0x0000000000dad000     /usr/lib/libbz2.1.0.dylib
0x0000000000dad000     /usr/lib/liblzma.5.dylib
0x0000000000dad000     /usr/lib/libnetwork.dylib
0x0000000000dad000     /usr/lib/libapple_nghttp2.dylib
0x0000000000dad000     /usr/lib/libpcap.A.dylib
0x0000000000dad000     /usr/lib/libboringssl.dylib
0x0000000000dad000     /usr/lib/libusrtcp.dylib
0x0000000000dad000     /usr/lib/libapple_crypto.dylib
0x0000000000dad000     /System/Library/Frameworks/CoreServices.framework/Versions/A/Frameworks/FSEvents.framework/Versions/A/FSEvents
0x0000000000dad000     /System/Library/Frameworks/CoreServices.framework/Versions/A/Frameworks/CarbonCore.framework/Versions/A/CarbonCore
0x0000000000dad000     /System/Library/Frameworks/CoreServices.framework/Versions/A/Frameworks/Metadata.framework/Versions/A/Metadata
0x0000000000dad000     /System/Library/Frameworks/CoreServices.framework/Versions/A/Frameworks/OSServices.framework/Versions/A/OSServices
0x0000000000dad000     /System/Library/Frameworks/CoreServices.framework/Versions/A/Frameworks/SearchKit.framework/Versions/A/SearchKit
0x0000000000dad000     /System/Library/Frameworks/CoreServices.framework/Versions/A/Frameworks/AE.framework/Versions/A/AE
0x0000000000dad000     /System/Library/Frameworks/CoreServices.framework/Versions/A/Frameworks/LaunchServices.framework/Versions/A/LaunchServices
0x0000000000dad000     /System/Library/Frameworks/CoreServices.framework/Versions/A/Frameworks/DictionaryServices.framework/Versions/A/DictionaryServices
0x0000000000dad000     /System/Library/Frameworks/CoreServices.framework/Versions/A/Frameworks/SharedFileList.framework/Versions/A/SharedFileList
0x0000000000dad000     /System/Library/Frameworks/NetFS.framework/Versions/A/NetFS
0x0000000000dad000     /System/Library/PrivateFrameworks/NetAuth.framework/Versions/A/NetAuth
0x0000000000dad000     /System/Library/PrivateFrameworks/login.framework/Versions/A/Frameworks/loginsupport.framework/Versions/A/loginsupport
0x0000000000dad000     /System/Library/PrivateFrameworks/TCC.framework/Versions/A/TCC
0x0000000000dad000     /usr/lib/libmecabra.dylib
0x0000000000dad000     /System/Library/Frameworks/ApplicationServices.framework/Versions/A/Frameworks/ATS.framework/Versions/A/ATS
0x0000000000dad000     /System/Library/Frameworks/ApplicationServices.framework/Versions/A/Frameworks/ColorSyncLegacy.framework/Versions/A/ColorSyncLegacy
0x0000000000dad000     /System/Library/Frameworks/ApplicationServices.framework/Versions/A/Frameworks/HIServices.framework/Versions/A/HIServices
0x0000000000dad000     /System/Library/Frameworks/ApplicationServices.framework/Versions/A/Frameworks/LangAnalysis.framework/Versions/A/LangAnalysis
0x0000000000dad000     /System/Library/Frameworks/ApplicationServices.framework/Versions/A/Frameworks/PrintCore.framework/Versions/A/PrintCore
0x0000000000dad000     /System/Library/Frameworks/ApplicationServices.framework/Versions/A/Frameworks/QD.framework/Versions/A/QD
0x0000000000dad000     /System/Library/Frameworks/ApplicationServices.framework/Versions/A/Frameworks/SpeechSynthesis.framework/Versions/A/SpeechSynthesis
0x0000000000dad000     /System/Library/Frameworks/CoreDisplay.framework/Versions/A/CoreDisplay
0x0000000000dad000     /System/Library/Frameworks/Accelerate.framework/Versions/A/Frameworks/vImage.framework/Versions/A/vImage
0x0000000000dad000     /System/Library/Frameworks/Accelerate.framework/Versions/A/Frameworks/vecLib.framework/Versions/A/vecLib
0x0000000000dad000     /System/Library/Frameworks/Accelerate.framework/Versions/A/Frameworks/vecLib.framework/Versions/A/libvDSP.dylib
0x0000000000dad000     /System/Library/Frameworks/Accelerate.framework/Versions/A/Frameworks/vecLib.framework/Versions/A/libBNNS.dylib
0x0000000000dad000     /System/Library/Frameworks/Accelerate.framework/Versions/A/Frameworks/vecLib.framework/Versions/A/libQuadrature.dylib
0x0000000000dad000     /System/Library/Frameworks/Accelerate.framework/Versions/A/Frameworks/vecLib.framework/Versions/A/libvMisc.dylib
0x0000000000dad000     /System/Library/Frameworks/Accelerate.framework/Versions/A/Frameworks/vecLib.framework/Versions/A/libLAPACK.dylib
0x0000000000dad000     /System/Library/Frameworks/Accelerate.framework/Versions/A/Frameworks/vecLib.framework/Versions/A/libBLAS.dylib
0x0000000000dad000     /System/Library/Frameworks/Accelerate.framework/Versions/A/Frameworks/vecLib.framework/Versions/A/libLinearAlgebra.dylib
0x0000000000dad000     /System/Library/Frameworks/Accelerate.framework/Versions/A/Frameworks/vecLib.framework/Versions/A/libSparse.dylib
0x0000000000dad000     /System/Library/Frameworks/Accelerate.framework/Versions/A/Frameworks/vecLib.framework/Versions/A/libSparseBLAS.dylib
0x0000000000dad000     /System/Library/PrivateFrameworks/IOAccelerator.framework/Versions/A/IOAccelerator
0x0000000000dad000     /System/Library/PrivateFrameworks/IOPresentment.framework/Versions/A/IOPresentment
0x0000000000dad000     /System/Library/PrivateFrameworks/DSExternalDisplay.framework/Versions/A/DSExternalDisplay
0x0000000000dad000     /System/Library/Frameworks/OpenGL.framework/Versions/A/Libraries/libCoreFSCache.dylib
0x0000000000dad000     /System/Library/Frameworks/CoreVideo.framework/Versions/A/CoreVideo
0x0000000000dad000     /System/Library/PrivateFrameworks/GraphVisualizer.framework/Versions/A/GraphVisualizer
0x0000000000dad000     /System/Library/Frameworks/MetalPerformanceShaders.framework/Versions/A/MetalPerformanceShaders
0x0000000000dad000     /usr/lib/libFosl_dynamic.dylib
0x0000000000dad000     /System/Library/PrivateFrameworks/FaceCore.framework/Versions/A/FaceCore
0x0000000000dad000     /System/Library/Frameworks/OpenCL.framework/Versions/A/OpenCL
0x0000000000dad000     /usr/lib/libcompression.dylib
0x0000000000dad000     /System/Library/Frameworks/ApplicationServices.framework/Versions/A/Frameworks/ATS.framework/Versions/A/Resources/libFontParser.dylib
0x0000000000dad000     /System/Library/Frameworks/ApplicationServices.framework/Versions/A/Frameworks/ATS.framework/Versions/A/Resources/libFontRegistry.dylib
0x0000000000dad000     /System/Library/Frameworks/ImageIO.framework/Versions/A/Resources/libJPEG.dylib
0x0000000000dad000     /System/Library/Frameworks/ImageIO.framework/Versions/A/Resources/libTIFF.dylib
0x0000000000dad000     /System/Library/Frameworks/ImageIO.framework/Versions/A/Resources/libPng.dylib
0x0000000000dad000     /System/Library/Frameworks/ImageIO.framework/Versions/A/Resources/libGIF.dylib
0x0000000000dad000     /System/Library/Frameworks/ImageIO.framework/Versions/A/Resources/libJP2.dylib
0x0000000000dad000     /System/Library/Frameworks/ImageIO.framework/Versions/A/Resources/libRadiance.dylib
0x0000000000dad000     /System/Library/PrivateFrameworks/AppleJPEG.framework/Versions/A/AppleJPEG
0x0000000000dad000     /System/Library/PrivateFrameworks/MetalTools.framework/Versions/A/MetalTools
0x0000000000dad000     /System/Library/Frameworks/MetalPerformanceShaders.framework/Frameworks/MPSCore.framework/Versions/A/MPSCore
0x0000000000dad000     /System/Library/Frameworks/MetalPerformanceShaders.framework/Frameworks/MPSImage.framework/Versions/A/MPSImage
0x0000000000dad000     /System/Library/Frameworks/MetalPerformanceShaders.framework/Frameworks/MPSMatrix.framework/Versions/A/MPSMatrix
0x0000000000dad000     /System/Library/Frameworks/MetalPerformanceShaders.framework/Frameworks/MPSNeuralNetwork.framework/Versions/A/MPSNeuralNetwork
0x0000000000dad000     /System/Library/Frameworks/OpenGL.framework/Versions/A/Libraries/libGLU.dylib
0x0000000000dad000     /System/Library/Frameworks/OpenGL.framework/Versions/A/Libraries/libGFXShared.dylib
0x0000000000dad000     /System/Library/Frameworks/OpenGL.framework/Versions/A/Libraries/libGL.dylib
0x0000000000dad000     /System/Library/Frameworks/OpenGL.framework/Versions/A/Libraries/libGLImage.dylib
0x0000000000dad000     /System/Library/Frameworks/OpenGL.framework/Versions/A/Libraries/libCVMSPluginSupport.dylib
0x0000000000dad000     /System/Library/Frameworks/OpenGL.framework/Versions/A/Libraries/libCoreVMClient.dylib
0x0000000000dad000     /usr/lib/libcups.2.dylib
0x0000000000dad000     /System/Library/Frameworks/Kerberos.framework/Versions/A/Kerberos
0x0000000000dad000     /System/Library/Frameworks/GSS.framework/Versions/A/GSS
0x0000000000dad000     /usr/lib/libresolv.9.dylib
0x0000000000dad000     /usr/lib/libiconv.2.dylib
0x0000000000dad000     /System/Library/PrivateFrameworks/Heimdal.framework/Versions/A/Heimdal
0x0000000000dad000     /usr/lib/libheimdal-asn1.dylib
0x0000000000dad000     /System/Library/Frameworks/OpenDirectory.framework/Versions/A/OpenDirectory
0x0000000000dad000     /System/Library/PrivateFrameworks/CommonAuth.framework/Versions/A/CommonAuth
0x0000000000dad000     /System/Library/Frameworks/OpenDirectory.framework/Versions/A/Frameworks/CFOpenDirectory.framework/Versions/A/CFOpenDirectory
0x0000000000dad000     /System/Library/Frameworks/SecurityFoundation.framework/Versions/A/SecurityFoundation
0x0000000000dad000     /System/Library/PrivateFrameworks/APFS.framework/Versions/A/APFS
0x0000000000dad000     /usr/lib/libutil.dylib
0x0000000000dad000     /System/Library/PrivateFrameworks/AppleSauce.framework/Versions/A/AppleSauce
0x0000000000dad000     /System/Library/PrivateFrameworks/LinguisticData.framework/Versions/A/LinguisticData
0x0000000000dad000     /usr/lib/libmarisa.dylib
0x0000000000dad000     /System/Library/PrivateFrameworks/Lexicon.framework/Versions/A/Lexicon
0x0000000000dad000     /usr/lib/libChineseTokenizer.dylib
0x0000000000dad000     /usr/lib/libcmph.dylib
0x0000000000dad000     /System/Library/PrivateFrameworks/LanguageModeling.framework/Versions/A/LanguageModeling
0x0000000000dad000     /System/Library/PrivateFrameworks/CoreEmoji.framework/Versions/A/CoreEmoji
0x0000000000dad000     /System/Library/Frameworks/ServiceManagement.framework/Versions/A/ServiceManagement
0x0000000000dad000     /System/Library/PrivateFrameworks/BackgroundTaskManagement.framework/Versions/A/BackgroundTaskManagement
0x0000000000dad000     /usr/lib/libxslt.1.dylib
0x0000000000dad000     /System/Library/Frameworks/Carbon.framework/Versions/A/Frameworks/Ink.framework/Versions/A/Ink
0x0000000000dad000     /System/Library/PrivateFrameworks/TextureIO.framework/Versions/A/TextureIO
0x0000000000dad000     /usr/lib/libate.dylib
0x0000000000dad000     /System/Library/PrivateFrameworks/CrashReporterSupport.framework/Versions/A/CrashReporterSupport
0x0000000000dad000     /System/Library/PrivateFrameworks/Sharing.framework/Versions/A/Sharing
0x0000000000dad000     /System/Library/PrivateFrameworks/IconServices.framework/Versions/A/IconServices
0x0000000000dad000     /System/Library/PrivateFrameworks/ProtocolBuffer.framework/Versions/A/ProtocolBuffer
0x0000000000dad000     /System/Library/PrivateFrameworks/Apple80211.framework/Versions/A/Apple80211
0x0000000000dad000     /System/Library/Frameworks/CoreWLAN.framework/Versions/A/CoreWLAN
0x0000000000dad000     /System/Library/PrivateFrameworks/CoreUtils.framework/Versions/A/CoreUtils
0x0000000000dad000     /System/Library/Frameworks/IOBluetooth.framework/Versions/A/IOBluetooth
0x0000000000dad000     /System/Library/PrivateFrameworks/CoreWiFi.framework/Versions/A/CoreWiFi
0x0000000000dad000     /System/Library/Frameworks/CoreBluetooth.framework/Versions/A/CoreBluetooth
0x0000000000dad000     /System/Library/PrivateFrameworks/SignpostNotification.framework/Versions/A/SignpostNotification
0x0000000000dad000     /System/Library/PrivateFrameworks/DebugSymbols.framework/Versions/A/DebugSymbols
0x0000000000dad000     /System/Library/PrivateFrameworks/CoreSymbolication.framework/Versions/A/CoreSymbolication
0x0000000000dad000     /System/Library/PrivateFrameworks/Symbolication.framework/Versions/A/Symbolication
0x0000000000dad000     /System/Library/PrivateFrameworks/AppleFSCompression.framework/Versions/A/AppleFSCompression
0x0000000000dad000     /System/Library/PrivateFrameworks/SpeechRecognitionCore.framework/Versions/A/SpeechRecognitionCore
0x000000010fa00000     /opt/pgi/osx86-64/2017/java/jre1.8.0_112.jre/Contents/Home/lib/server/libjvm.dylib
0x0000000000dad000     /usr/lib/libstdc++.6.0.9.dylib
0x000000010f1e5000     /opt/pgi/osx86-64/2017/java/jre1.8.0_112.jre/Contents/Home/lib/libverify.dylib
0x00000001109a2000     /opt/pgi/osx86-64/2017/java/jre1.8.0_112.jre/Contents/Home/lib/libjava.dylib
0x00000001109d7000     /opt/pgi/osx86-64/2017/java/jre1.8.0_112.jre/Contents/Home/lib/libzip.dylib
0x0000000000dad000     /System/Library/Frameworks/JavaVM.framework/Versions/A/Frameworks/JavaRuntimeSupport.framework/Versions/A/JavaRuntimeSupport
0x0000000000dad000     /System/Library/Frameworks/JavaVM.framework/Versions/A/Frameworks/JavaNativeFoundation.framework/Versions/A/JavaNativeFoundation
0x0000000000dad000     /System/Library/Frameworks/JavaVM.framework/Versions/A/JavaVM
0x0000000000dad000     /System/Library/Frameworks/Carbon.framework/Versions/A/Carbon
0x0000000000dad000     /System/Library/PrivateFrameworks/JavaLaunching.framework/Versions/A/JavaLaunching
0x0000000000dad000     /System/Library/Frameworks/Carbon.framework/Versions/A/Frameworks/CommonPanels.framework/Versions/A/CommonPanels
0x0000000000dad000     /System/Library/Frameworks/Carbon.framework/Versions/A/Frameworks/Help.framework/Versions/A/Help
0x0000000000dad000     /System/Library/Frameworks/Carbon.framework/Versions/A/Frameworks/ImageCapture.framework/Versions/A/ImageCapture
0x0000000000dad000     /System/Library/Frameworks/Carbon.framework/Versions/A/Frameworks/OpenScripting.framework/Versions/A/OpenScripting
0x0000000000dad000     /System/Library/Frameworks/Carbon.framework/Versions/A/Frameworks/Print.framework/Versions/A/Print
0x0000000000dad000     /System/Library/Frameworks/Carbon.framework/Versions/A/Frameworks/SecurityHI.framework/Versions/A/SecurityHI
0x0000000118cd6000     /opt/pgi/osx86-64/2017/java/jre1.8.0_112.jre/Contents/Home/lib/libawt.dylib
0x0000000118d7e000     /opt/pgi/osx86-64/2017/java/jre1.8.0_112.jre/Contents/Home/lib/./libmlib_image.dylib
0x0000000118e4a000     /opt/pgi/osx86-64/2017/java/jre1.8.0_112.jre/Contents/Home/lib/libawt_lwawt.dylib
0x0000000118f01000     /opt/pgi/osx86-64/2017/java/jre1.8.0_112.jre/Contents/Home/lib/./libosxapp.dylib
0x0000000000dad000     /System/Library/Frameworks/ExceptionHandling.framework/Versions/A/ExceptionHandling
0x0000000000dad000     /System/Library/PrivateFrameworks/CoreServicesInternal.framework/Versions/A/CoreServicesInternal
0x0000000000dad000     /System/Library/CoreServices/RawCamera.bundle/Contents/MacOS/RawCamera
0x0000000000dad000     /System/Library/PrivateFrameworks/MobileAsset.framework/Versions/A/MobileAsset
0x0000000000dad000     /System/Library/PrivateFrameworks/StreamingZip.framework/Versions/A/StreamingZip
0x0000000000dad000     /System/Library/Frameworks/MediaToolbox.framework/Versions/A/MediaToolbox
0x0000000000dad000     /System/Library/PrivateFrameworks/CoreAVCHD.framework/Versions/A/CoreAVCHD
0x0000000000dad000     /System/Library/Frameworks/MediaAccessibility.framework/Versions/A/MediaAccessibility
0x0000000000dad000     /System/Library/PrivateFrameworks/Mangrove.framework/Versions/A/Mangrove
0x0000000000dad000     /System/Library/Frameworks/CoreMedia.framework/Versions/A/CoreMedia
0x0000000000dad000     /System/Library/Frameworks/VideoToolbox.framework/Versions/A/VideoToolbox
0x0000000000dad000     /System/Library/PrivateFrameworks/CoreAUC.framework/Versions/A/CoreAUC
0x0000000000dad000     /usr/lib/libspindump.dylib
0x0000000000dad000     /usr/lib/libdscsym.dylib
0x0000000000dad000     /System/Library/PrivateFrameworks/AppleVA.framework/Versions/A/AppleVA
0x0000000000dad000     /System/Library/Frameworks/Accelerate.framework/Versions/A/Frameworks/vImage.framework/Versions/A/Libraries/libCGInterfaces.dylib
0x0000000000dad000     /System/Library/Frameworks/ApplicationServices.framework/Versions/A/Frameworks/ATS.framework/Versions/A/Resources/libTrueTypeScaler.dylib
0x0000000000dad000     /System/Library/Frameworks/OpenGL.framework/Versions/A/Resources/GLEngine.bundle/GLEngine
0x0000000000dad000     /System/Library/Frameworks/OpenGL.framework/Versions/A/Libraries/libGLProgrammability.dylib
0x000000011b129000     /System/Library/Extensions/AppleIntelHD5000GraphicsGLDriver.bundle/Contents/MacOS/AppleIntelHD5000GraphicsGLDriver
0x0000000000dad000     /System/Library/PrivateFrameworks/GPUSupport.framework/Versions/A/Libraries/libGPUSupportMercury.dylib
0x0000000000dad000     /System/Library/Frameworks/OpenGL.framework/Versions/A/Resources/GLRendererFloat.bundle/GLRendererFloat
0x0000000000dad000     /System/Library/Frameworks/OpenCL.framework/Versions/A/Libraries/libcldcpuengine.dylib
0x0000000000dad000     /usr/lib/libcrypto.35.dylib
0x0000000000dad000     /System/Library/PrivateFrameworks/TrustEvaluationAgent.framework/Versions/A/TrustEvaluationAgent
0x0000000000dad000     /System/Library/Extensions/AppleIntelHD5000GraphicsMTLDriver.bundle/Contents/MacOS/AppleIntelHD5000GraphicsMTLDriver
0x0000000000dad000     /System/Library/PrivateFrameworks/GPUCompiler.framework/Versions/3802/Libraries/libmetal_timestamp.dylib
0x0000000000dad000     /System/Library/PrivateFrameworks/FamilyControls.framework/Versions/A/FamilyControls
0x0000000000dad000     /System/Library/PrivateFrameworks/CommerceKit.framework/Versions/A/Frameworks/CommerceCore.framework/Versions/A/CommerceCore
0x0000000000dad000     /System/Library/PrivateFrameworks/SystemAdministration.framework/Versions/A/SystemAdministration
0x0000000000dad000     /System/Library/PrivateFrameworks/AppContainer.framework/Versions/A/AppContainer
0x0000000000dad000     /System/Library/PrivateFrameworks/SecCodeWrapper.framework/Versions/A/SecCodeWrapper
0x0000000000dad000     /System/Library/PrivateFrameworks/DiskManagement.framework/Versions/A/DiskManagement
0x0000000000dad000     /System/Library/Frameworks/DirectoryService.framework/Versions/A/DirectoryService
0x0000000000dad000     /System/Library/PrivateFrameworks/DiskImages.framework/Versions/A/DiskImages
0x0000000000dad000     /System/Library/PrivateFrameworks/LoginUIKit.framework/Versions/A/Frameworks/LoginUICore.framework/Versions/A/LoginUICore
0x0000000000dad000     /usr/lib/libCoreStorage.dylib
0x0000000000dad000     /usr/lib/libcsfde.dylib
0x0000000000dad000     /usr/lib/libodfde.dylib
0x0000000000dad000     /System/Library/PrivateFrameworks/MediaKit.framework/Versions/A/MediaKit
0x0000000000dad000     /System/Library/Frameworks/DiscRecording.framework/Versions/A/DiscRecording
0x0000000000dad000     /System/Library/PrivateFrameworks/EFILogin.framework/Versions/A/EFILogin
0x0000000000dad000     /System/Library/PrivateFrameworks/ProtectedCloudStorage.framework/Versions/A/ProtectedCloudStorage
0x0000000000dad000     /usr/lib/libcurl.4.dylib
0x0000000000dad000     /usr/lib/libssl.35.dylib
0x0000000000dad000     /System/Library/Frameworks/LDAP.framework/Versions/A/LDAP
0x0000000000dad000     /usr/lib/libsasl2.2.dylib
0x0000000000dad000     /System/Library/PrivateFrameworks/CoreDaemon.framework/Versions/B/CoreDaemon
0x0000000000dad000     /System/Library/PrivateFrameworks/AppleSRP.framework/Versions/A/AppleSRP
0x000000011be11000     /opt/pgi/osx86-64/2017/java/jre1.8.0_112.jre/Contents/Home/lib/libfontmanager.dylib
0x000000011cb92000     /opt/pgi/osx86-64/2017/java/jre1.8.0_112.jre/Contents/Home/lib/libjpeg.dylib
0x000000011cc99000     /opt/pgi/osx86-64/2017/java/jre1.8.0_112.jre/Contents/Home/lib/libosxui.dylib
0x000000011e72d000     /opt/pgi/osx86-64/2017/java/jre1.8.0_112.jre/Contents/Home/lib/libnet.dylib
0x000000011ec5c000     /opt/pgi/osx86-64/2017/java/jre1.8.0_112.jre/Contents/Home/lib/libnio.dylib
0x000000011aace000     /opt/pgi/osx86-64/2017/java/jre1.8.0_112.jre/Contents/Home/lib/libosx.dylib
0x000000011ed50000     /opt/pgi/osx86-64/17.10/lib/libjpgdbg64.jnilib
0x000000011bcc3000     /opt/pgi/osx86-64/2017/java/jre1.8.0_112.jre/Contents/Home/lib/libdcpr.dylib
0x0000000000dad000     /System/Library/PrivateFrameworks/login.framework/Versions/A/login

VM Arguments:
java_command: SplashLoader PGDBGsplash.jpg jpgdbg localhost mpiexec +mpiexec_args -mpiexec_args +pgserv_args -pgserv_args -program_args
java_class_path (initial): /opt/pgi/osx86-64/17.10/bin/jpgdbg.jar::/opt/pgi/osx86-64/17.10/bin/PGcomp.jar:/opt/pgi/osx86-64/17.10/bin/PGlaf.jar:/opt/pgi/osx86-64/17.10/bin/PGutil.jar:/opt/pgi/osx86-64/17.10/bin/jide-common.jar:/opt/pgi/osx86-64/17.10/bin/jide-dock.jar:/opt/pgi/osx86-64/17.10/bin/rsyntaxtextarea.jar:/opt/pgi/osx86-64/17.10/bin/ganymed-ssh2-build251.jar:/opt/pgi/osx86-64/17.10/bin/balloontip.jar
Launcher Type: SUN_STANDARD

Environment Variables:
PATH=/opt/pgi/osx86-64/17.10/bin/../jre/Contents/Home/bin:/opt/local/bin:/opt/local/sbin:/Users/willemjespers/miniconda2/bin:/home/jespers/software/mgltools_x86_64Linux2_1.5.6/bin:/Users/willemjespers/software/autodock_vina_1_1_2_linux_x86/bin/:/opt/pgi/osx86-64/2017/bin:/home/apps/amber12:/home/apps/amber12/bin:/home/apps/pymol:/Users/willemjespers/software/pymemdyn:/home/apps/q-5.06:/Users/willemjespers/bin/:/usr/local/bin:/usr/local/bin:/usr/bin:/bin:/usr/sbin:/sbin:/Library/TeX/texbin:/usr/local/go/bin:/opt/X11/bin:/home/apps/rdock//bin:/home/jespers/software/schrodinger2016
LD_LIBRARY_PATH=:/home/apps/rdock//lib
SHELL=/bin/bash
DISPLAY=/private/tmp/com.apple.launchd.3eSraXCvlU/org.macosforge.xquartz:0

Signal Handlers:
SIGSEGV: [libjvm.dylib+0x5b11a5], sa_mask[0]=11111111011111110111111111111111, sa_flags=SA_ONSTACK|SA_RESTART|SA_SIGINFO
SIGBUS: [libjvm.dylib+0x5b11a5], sa_mask[0]=11111111011111110111111111111111, sa_flags=SA_RESTART|SA_SIGINFO
SIGFPE: [libjvm.dylib+0x487dc0], sa_mask[0]=11111111011111110111111111111111, sa_flags=SA_RESTART|SA_SIGINFO
SIGPIPE: [libjvm.dylib+0x487dc0], sa_mask[0]=11111111011111110111111111111111, sa_flags=SA_RESTART|SA_SIGINFO
SIGXFSZ: [libjvm.dylib+0x487dc0], sa_mask[0]=11111111011111110111111111111111, sa_flags=SA_RESTART|SA_SIGINFO
SIGILL: [libjvm.dylib+0x487dc0], sa_mask[0]=11111111011111110111111111111111, sa_flags=SA_RESTART|SA_SIGINFO
SIGUSR1: SIG_DFL, sa_mask[0]=11011111011111100000000111000110, sa_flags=none
SIGUSR2: [libjvm.dylib+0x4878de], sa_mask[0]=00000000000000000000000000000000, sa_flags=SA_RESTART|SA_SIGINFO
SIGHUP: [libjvm.dylib+0x485eb5], sa_mask[0]=11111111011111110111111111111111, sa_flags=SA_RESTART|SA_SIGINFO
SIGINT: SIG_IGN, sa_mask[0]=00000000000000000000000000000000, sa_flags=SA_RESTART
SIGTERM: [libjvm.dylib+0x485eb5], sa_mask[0]=11111111011111110111111111111111, sa_flags=SA_RESTART|SA_SIGINFO
SIGQUIT: [libjvm.dylib+0x485eb5], sa_mask[0]=11111111011111110111111111111111, sa_flags=SA_RESTART|SA_SIGINFO


---------------  S Y S T E M  ---------------

OS:Bsduname:Darwin 17.4.0 Darwin Kernel Version 17.4.0: Sun Dec 17 09:19:54 PST 2017; root:xnu-4570.41.2~1/RELEASE_X86_64 x86_64
rlimit: STACK 8192k, CORE 0k, NPROC 709, NOFILE 10240, AS infinity
load average:1.77 1.86 1.71

CPU:total 4 (2 cores per cpu, 2 threads per core) family 6 model 69 stepping 1, cmov, cx8, fxsr, mmx, sse, sse2, sse3, ssse3, sse4.1, sse4.2, popcnt, avx, avx2, aes, clmul, erms, lzcnt, ht, tsc, tscinvbit, bmi1, bmi2

Memory: 4k page, physical 8388608k(15264k free)

/proc/meminfo:


vm_info: Java HotSpot(TM) 64-Bit Server VM (25.112-b16) for bsd-amd64 JRE (1.8.0_112-b16), built on Sep 30 2016 22:41:41 by "java_re" with gcc 4.2.1 (Based on Apple Inc. build 5658) (LLVM build 2336.11.00)

time: Mon Mar 26 16:06:22 2018
elapsed time: 4540 seconds (0d 1h 15m 40s)

